FastScrollSample/build/intermediates/manifest_merge_blame_file/debug/manifest-merger-blame-debug-report.txt
1<?xml version="1.0" encoding="utf-8"?>
2<manifest xmlns:android="http://schemas.android.com/apk/res/android"
3    package="com.mixiaoxiao.fastscroll.sample"
4    android:versionCode="1"
5    android:versionName="1.0" >
6
7    <uses-sdk
8        android:minSdkVersion="17"
8-->src\main\AndroidManifest.xml
9        android:targetSdkVersion="28" />
9-->src\main\AndroidManifest.xml
10
11    <uses-permission android:name="android.permission.INTERNET" />
11-->src\main\AndroidManifest.xml:6:5-67
11-->src\main\AndroidManifest.xml:6:22-64
12    <uses-permission android:name="android.permission.WRITE_EXTERNAL_STORAGE" />
12-->src\main\AndroidManifest.xml:7:5-81
12-->src\main\AndroidManifest.xml:7:22-78
13
14    <meta-data
14-->[com.android.support:support-v4:25.3.1] AndroidManifest.xml:25:5-27:34
15        android:name="android.support.VERSION"
15-->[com.android.support:support-v4:25.3.1] AndroidManifest.xml:26:9-47
16        android:value="25.3.1" />
16-->[com.android.support:support-v4:25.3.1] AndroidManifest.xml:27:9-31
17
18    <application
18-->src\main\AndroidManifest.xml:9:5-21:19
19        android:allowBackup="true"
19-->src\main\AndroidManifest.xml:10:9-35
20        android:appComponentFactory="android.support.v4.app.CoreComponentFactory"
20-->[com.android.support:support-compat:28.0.0] AndroidManifest.xml:22:18-91
21        android:debuggable="true"
22        android:label="@string/app_name"
22-->src\main\AndroidManifest.xml:11:9-41
23        android:testOnly="true"
24        android:theme="@style/AppTheme" >
24-->src\main\AndroidManifest.xml:12:9-40
25        <activity
25-->src\main\AndroidManifest.xml:13:9-20:20
26            android:name="com.mixiaoxiao.fastscroll.sample.MainActivity"
26-->src\main\AndroidManifest.xml:14:13-41
27            android:label="@string/app_name" >
27-->src\main\AndroidManifest.xml:15:13-45
28            <intent-filter>
28-->src\main\AndroidManifest.xml:16:13-19:29
29                <action android:name="android.intent.action.MAIN" />
29-->src\main\AndroidManifest.xml:17:17-69
29-->src\main\AndroidManifest.xml:17:25-66
30
31                <category android:name="android.intent.category.LAUNCHER" />
31-->src\main\AndroidManifest.xml:18:17-77
31-->src\main\AndroidManifest.xml:18:27-74
32            </intent-filter>
33        </activity>
34    </application>
35
36</manifest>